{
  "RSpec": {
    "coverage": {
      "/Users/felipekosouski/Workspace/projects/luiza_labs_jsonify/config/environment.rb": {
        "lines": [
          null,
          1,
          null,
          null,
          1
        ]
      },
      "/Users/felipekosouski/Workspace/projects/luiza_labs_jsonify/config/application.rb": {
        "lines": [
          1,
          null,
          1,
          null,
          null,
          null,
          1,
          null,
          1,
          1,
          null,
          1,
          null,
          null,
          null,
          null,
          1,
          1,
          null,
          null,
          null,
          null,
          null,
          null,
          null,
          null,
          null,
          null,
          null,
          null,
          1,
          1,
          1,
          1,
          null,
          null
        ]
      },
      "/Users/felipekosouski/Workspace/projects/luiza_labs_jsonify/config/boot.rb": {
        "lines": [
          1,
          null,
          1,
          1
        ]
      },
      "/Users/felipekosouski/Workspace/projects/luiza_labs_jsonify/config/environments/test.rb": {
        "lines": [
          1,
          null,
          null,
          null,
          null,
          null,
          null,
          1,
          null,
          null,
          null,
          1,
          null,
          null,
          null,
          null,
          null,
          1,
          null,
          null,
          1,
          null,
          null,
          1,
          1,
          1,
          null,
          null,
          1,
          null,
          null,
          1,
          null,
          null,
          1,
          null,
          null,
          null,
          1,
          null,
          null,
          null,
          null,
          1,
          null,
          null,
          null,
          1,
          null,
          null,
          1,
          null,
          null,
          1,
          null,
          null,
          1,
          null,
          null,
          null,
          null,
          null,
          null,
          null,
          null,
          1,
          null
        ]
      },
      "/Users/felipekosouski/Workspace/projects/luiza_labs_jsonify/config/initializers/cors.rb": {
        "lines": [
          null,
          null,
          null,
          null,
          null,
          null,
          null,
          null,
          null,
          null,
          null,
          null,
          null,
          null,
          null,
          null
        ]
      },
      "/Users/felipekosouski/Workspace/projects/luiza_labs_jsonify/config/initializers/datadog.rb": {
        "lines": [
          1,
          null,
          1,
          null
        ]
      },
      "/Users/felipekosouski/Workspace/projects/luiza_labs_jsonify/config/initializers/filter_parameter_logging.rb": {
        "lines": [
          null,
          null,
          null,
          null,
          null,
          1,
          null,
          null
        ]
      },
      "/Users/felipekosouski/Workspace/projects/luiza_labs_jsonify/config/initializers/inflections.rb": {
        "lines": [
          null,
          null,
          null,
          null,
          null,
          null,
          null,
          null,
          null,
          null,
          null,
          null,
          null,
          null,
          null,
          null
        ]
      },
      "/Users/felipekosouski/Workspace/projects/luiza_labs_jsonify/config/initializers/pagy.rb": {
        "lines": [
          1,
          null,
          1,
          1,
          1
        ]
      },
      "/Users/felipekosouski/Workspace/projects/luiza_labs_jsonify/config/initializers/rack_attack.rb": {
        "lines": [
          1,
          1,
          55,
          null,
          null,
          1,
          2,
          null,
          null
        ]
      },
      "/Users/felipekosouski/Workspace/projects/luiza_labs_jsonify/spec/factories/orders.rb": {
        "lines": [
          1,
          1,
          411,
          411,
          311,
          411,
          411,
          1,
          null,
          null
        ]
      },
      "/Users/felipekosouski/Workspace/projects/luiza_labs_jsonify/config/routes.rb": {
        "lines": [
          1,
          null,
          1,
          1,
          1,
          null,
          1,
          1,
          null,
          null
        ]
      },
      "/Users/felipekosouski/Workspace/projects/luiza_labs_jsonify/spec/support/factory_bot.rb": {
        "lines": [
          1,
          1,
          null
        ]
      },
      "/Users/felipekosouski/Workspace/projects/luiza_labs_jsonify/spec/support/json_response_helper.rb": {
        "lines": [
          1,
          1,
          23,
          null,
          null,
          null,
          1,
          1,
          null
        ]
      },
      "/Users/felipekosouski/Workspace/projects/luiza_labs_jsonify/spec/support/shoulda_matchers.rb": {
        "lines": [
          1,
          1,
          1,
          1,
          null,
          null
        ]
      },
      "/Users/felipekosouski/Workspace/projects/luiza_labs_jsonify/app/queries/order_filter.rb": {
        "lines": [
          1,
          1,
          41,
          41,
          null,
          null,
          1,
          38,
          34,
          34,
          null,
          null,
          1,
          null,
          1,
          34,
          34,
          null,
          null,
          1,
          34,
          null,
          null,
          1,
          34,
          null,
          10,
          10,
          10,
          null,
          null,
          1,
          41,
          79,
          null,
          null,
          null
        ]
      },
      "/Users/felipekosouski/Workspace/projects/luiza_labs_jsonify/spec/jobs/process_order_batch_insert_job_spec.rb": {
        "lines": [
          1,
          null,
          1,
          1,
          null,
          6,
          null,
          null,
          null,
          null,
          7,
          null,
          1,
          2,
          null,
          null,
          1,
          1,
          1,
          1,
          null,
          null,
          1,
          1,
          1,
          null,
          2,
          1,
          null,
          null,
          1,
          1,
          3,
          null,
          null,
          1,
          2,
          null,
          null,
          1,
          1,
          1,
          null,
          1,
          null,
          1,
          null,
          null,
          1,
          1,
          1,
          null,
          null,
          1,
          1,
          1,
          null,
          1,
          null,
          1,
          null,
          null,
          null,
          null,
          null,
          null,
          null,
          null,
          null,
          null,
          null,
          null,
          null,
          null,
          null,
          null,
          null,
          null,
          null,
          null,
          null,
          null,
          null,
          null,
          null,
          null,
          null,
          null,
          null,
          null,
          null,
          null
        ]
      },
      "/Users/felipekosouski/Workspace/projects/luiza_labs_jsonify/app/jobs/process_order_batch_insert_job.rb": {
        "lines": [
          1,
          1,
          null,
          1,
          7,
          7,
          null,
          null,
          2,
          null,
          1,
          1,
          null,
          4,
          null,
          null,
          1,
          null,
          1,
          8,
          null,
          null,
          1,
          2,
          null,
          2,
          4,
          null,
          null,
          null,
          null,
          null,
          null,
          2,
          1,
          1,
          null,
          1,
          null,
          null,
          null,
          1,
          1,
          1,
          null,
          0,
          null,
          1,
          null,
          null,
          null
        ]
      },
      "/Users/felipekosouski/Workspace/projects/luiza_labs_jsonify/app/jobs/application_job.rb": {
        "lines": [
          1,
          null,
          null,
          null,
          null,
          null,
          null
        ]
      },
      "/Users/felipekosouski/Workspace/projects/luiza_labs_jsonify/spec/models/order_spec.rb": {
        "lines": [
          1,
          null,
          1,
          1,
          2,
          2,
          2,
          2,
          2,
          2,
          null,
          2,
          2,
          2,
          2,
          null,
          null
        ]
      },
      "/Users/felipekosouski/Workspace/projects/luiza_labs_jsonify/app/models/order.rb": {
        "lines": [
          1,
          1,
          1,
          1,
          null
        ]
      },
      "/Users/felipekosouski/Workspace/projects/luiza_labs_jsonify/app/models/application_record.rb": {
        "lines": [
          1,
          1,
          null
        ]
      },
      "/Users/felipekosouski/Workspace/projects/luiza_labs_jsonify/spec/requests/orders_spec.rb": {
        "lines": [
          1,
          1,
          null,
          1,
          1,
          31,
          310,
          null,
          null,
          3,
          4,
          4,
          null,
          1,
          20,
          null,
          1,
          1,
          1,
          1,
          null,
          null,
          1,
          1,
          null,
          1,
          null,
          1,
          1,
          1,
          1,
          1,
          null,
          null,
          null,
          1,
          1,
          1,
          1,
          1,
          null,
          null,
          1,
          1,
          5,
          null,
          1,
          1,
          1,
          1,
          1,
          1,
          null,
          null,
          1,
          1,
          null,
          null,
          null,
          1,
          3,
          null,
          1,
          1,
          null,
          null,
          1,
          1,
          null,
          null,
          null,
          null,
          1,
          1,
          3,
          null,
          1,
          1,
          1,
          null,
          null,
          1,
          1,
          null,
          null,
          null,
          1,
          1,
          3,
          null,
          1,
          1,
          1,
          null,
          null,
          1,
          1,
          1,
          null,
          null,
          null,
          1,
          3,
          null,
          1,
          1,
          1,
          null,
          null,
          1,
          1,
          1,
          null,
          null,
          null,
          null,
          1,
          3,
          null,
          1,
          1,
          1,
          null,
          null,
          1,
          1,
          null,
          null,
          null,
          1,
          3,
          null,
          1,
          1,
          null,
          null,
          1,
          1,
          null,
          null,
          null,
          null,
          null,
          1,
          3,
          null,
          1,
          1,
          1,
          null,
          null,
          1,
          1,
          null,
          null,
          null,
          null,
          1,
          13,
          null,
          1,
          1,
          3,
          null,
          1,
          1,
          null,
          null,
          1,
          1,
          null,
          null,
          null,
          1,
          1,
          4,
          null,
          null,
          1,
          1,
          1,
          null,
          null,
          1,
          1,
          1,
          null,
          null,
          null,
          1,
          1,
          4,
          null,
          null,
          1,
          1,
          1,
          null,
          null,
          1,
          1,
          1,
          null,
          null,
          null,
          1,
          2,
          null,
          1,
          1,
          1,
          null,
          null,
          null,
          1,
          2,
          null,
          1,
          1,
          1,
          1,
          null,
          2,
          null,
          null,
          null,
          null,
          1,
          3,
          null,
          1,
          1,
          null,
          null,
          1,
          1,
          null,
          null,
          null,
          null
        ]
      },
      "/Users/felipekosouski/Workspace/projects/luiza_labs_jsonify/spec/requests/rack_attack_spec.rb": {
        "lines": [
          1,
          null,
          1,
          2,
          1,
          4,
          null,
          null,
          1,
          3,
          null,
          1,
          1,
          5,
          5,
          null,
          null,
          null,
          1,
          6,
          1,
          null,
          1,
          1,
          null,
          null,
          null,
          1,
          3,
          null,
          1,
          1,
          5,
          5,
          null,
          null,
          null,
          1,
          6,
          1,
          null,
          1,
          1,
          null,
          null,
          null,
          null
        ]
      },
      "/Users/felipekosouski/Workspace/projects/luiza_labs_jsonify/spec/services/file_processor_service_spec.rb": {
        "lines": [
          1,
          null,
          1,
          2,
          4,
          null,
          1,
          1,
          1,
          1,
          1,
          1,
          null,
          null,
          1,
          1,
          1,
          1,
          1,
          null,
          null,
          1,
          1,
          1,
          1,
          2,
          null,
          null,
          1,
          1,
          null,
          1,
          1,
          null,
          null,
          null,
          null
        ]
      },
      "/Users/felipekosouski/Workspace/projects/luiza_labs_jsonify/app/services/file_processor_service.rb": {
        "lines": [
          1,
          1,
          null,
          1,
          19,
          null,
          null,
          1,
          19,
          null,
          18,
          18,
          3180,
          null,
          3180,
          3172,
          3,
          3,
          null,
          null,
          8,
          8,
          null,
          null,
          18,
          null,
          null,
          1,
          null,
          1,
          14,
          null,
          0,
          null,
          null,
          1,
          19,
          null,
          null,
          1,
          null,
          3178,
          null,
          null,
          null,
          null,
          null,
          null,
          null,
          6,
          null,
          null
        ]
      },
      "/Users/felipekosouski/Workspace/projects/luiza_labs_jsonify/app/validators/date_validator.rb": {
        "lines": [
          1,
          null,
          1,
          29,
          null,
          null,
          1,
          null,
          1,
          29,
          23,
          null,
          6,
          null,
          null
        ]
      },
      "/Users/felipekosouski/Workspace/projects/luiza_labs_jsonify/app/errors/invalid_date_format_error.rb": {
        "lines": [
          1,
          null
        ]
      },
      "/Users/felipekosouski/Workspace/projects/luiza_labs_jsonify/app/controllers/orders_controller.rb": {
        "lines": [
          1,
          1,
          54,
          null,
          1,
          31,
          27,
          27,
          null,
          27,
          null,
          4,
          null,
          null,
          1,
          22,
          22,
          15,
          14,
          null,
          7,
          null,
          null,
          1,
          null,
          null,
          1,
          null,
          1,
          92,
          null,
          null
        ]
      },
      "/Users/felipekosouski/Workspace/projects/luiza_labs_jsonify/app/controllers/application_controller.rb": {
        "lines": [
          1,
          null
        ]
      },
      "/Users/felipekosouski/Workspace/projects/luiza_labs_jsonify/app/serializers/user_orders_serializer.rb": {
        "lines": [
          1,
          null,
          1,
          65,
          65,
          null,
          null,
          1,
          null,
          65,
          null,
          null,
          null,
          null,
          null,
          1,
          null,
          1,
          65,
          65,
          null,
          null,
          null
        ]
      },
      "/Users/felipekosouski/Workspace/projects/luiza_labs_jsonify/app/serializers/order_serializer.rb": {
        "lines": [
          1,
          1,
          65,
          null,
          null,
          1,
          null,
          65,
          null,
          null,
          null,
          null,
          null,
          null,
          1,
          null,
          1,
          65,
          null,
          null,
          1,
          65,
          null,
          null,
          1,
          65,
          null,
          null,
          1,
          65,
          65,
          null,
          null,
          null
        ]
      },
      "/Users/felipekosouski/Workspace/projects/luiza_labs_jsonify/app/serializers/product_serializer.rb": {
        "lines": [
          1,
          null,
          1,
          65,
          null,
          null,
          1,
          null,
          65,
          null,
          null,
          null,
          null
        ]
      }
    },
    "timestamp": 1732076436
  }
}
