{
  "RSpec": {
    "coverage": {
      "/Users/felipekosouski/Workspace/projects/luiza_labs_jsonify/config/environment.rb": {
        "lines": [
          null,
          1,
          null,
          null,
          1
        ]
      },
      "/Users/felipekosouski/Workspace/projects/luiza_labs_jsonify/config/application.rb": {
        "lines": [
          1,
          null,
          1,
          null,
          null,
          null,
          1,
          null,
          1,
          1,
          null,
          1,
          null,
          null,
          null,
          null,
          1,
          1,
          null,
          null,
          null,
          null,
          null,
          null,
          null,
          null,
          null,
          null,
          null,
          null,
          1,
          1,
          1,
          1,
          null,
          null
        ]
      },
      "/Users/felipekosouski/Workspace/projects/luiza_labs_jsonify/config/boot.rb": {
        "lines": [
          1,
          null,
          1,
          1
        ]
      },
      "/Users/felipekosouski/Workspace/projects/luiza_labs_jsonify/config/environments/test.rb": {
        "lines": [
          1,
          null,
          null,
          null,
          null,
          null,
          null,
          1,
          null,
          null,
          null,
          1,
          null,
          null,
          null,
          null,
          null,
          1,
          null,
          null,
          1,
          null,
          null,
          1,
          1,
          1,
          null,
          null,
          1,
          null,
          null,
          1,
          null,
          null,
          1,
          null,
          null,
          null,
          1,
          null,
          null,
          null,
          null,
          1,
          null,
          null,
          null,
          1,
          null,
          null,
          1,
          null,
          null,
          1,
          null,
          null,
          1,
          null,
          null,
          null,
          null,
          null,
          null,
          null,
          null,
          1,
          null
        ]
      },
      "/Users/felipekosouski/Workspace/projects/luiza_labs_jsonify/config/initializers/cors.rb": {
        "lines": [
          null,
          null,
          null,
          null,
          null,
          null,
          null,
          null,
          null,
          null,
          null,
          null,
          null,
          null,
          null,
          null
        ]
      },
      "/Users/felipekosouski/Workspace/projects/luiza_labs_jsonify/config/initializers/datadog.rb": {
        "lines": [
          1,
          null,
          1,
          null
        ]
      },
      "/Users/felipekosouski/Workspace/projects/luiza_labs_jsonify/config/initializers/filter_parameter_logging.rb": {
        "lines": [
          null,
          null,
          null,
          null,
          null,
          1,
          null,
          null
        ]
      },
      "/Users/felipekosouski/Workspace/projects/luiza_labs_jsonify/config/initializers/inflections.rb": {
        "lines": [
          null,
          null,
          null,
          null,
          null,
          null,
          null,
          null,
          null,
          null,
          null,
          null,
          null,
          null,
          null,
          null
        ]
      },
      "/Users/felipekosouski/Workspace/projects/luiza_labs_jsonify/config/initializers/pagy.rb": {
        "lines": [
          1,
          null,
          1,
          1,
          1
        ]
      },
      "/Users/felipekosouski/Workspace/projects/luiza_labs_jsonify/config/initializers/rack_attack.rb": {
        "lines": [
          1,
          1,
          0,
          null,
          null,
          1,
          0,
          null,
          null
        ]
      },
      "/Users/felipekosouski/Workspace/projects/luiza_labs_jsonify/spec/factories/orders.rb": {
        "lines": [
          1,
          1,
          1,
          1,
          1,
          1,
          1,
          1,
          null,
          null
        ]
      },
      "/Users/felipekosouski/Workspace/projects/luiza_labs_jsonify/config/routes.rb": {
        "lines": [
          1,
          null,
          1,
          1,
          1,
          null,
          1,
          1,
          null,
          null
        ]
      },
      "/Users/felipekosouski/Workspace/projects/luiza_labs_jsonify/spec/support/factory_bot.rb": {
        "lines": [
          1,
          1,
          null
        ]
      },
      "/Users/felipekosouski/Workspace/projects/luiza_labs_jsonify/spec/support/json_response_helper.rb": {
        "lines": [
          1,
          1,
          0,
          null,
          null,
          null,
          1,
          1,
          null
        ]
      },
      "/Users/felipekosouski/Workspace/projects/luiza_labs_jsonify/spec/support/shoulda_matchers.rb": {
        "lines": [
          1,
          1,
          1,
          1,
          null,
          null
        ]
      },
      "/Users/felipekosouski/Workspace/projects/luiza_labs_jsonify/app/jobs/process_order_batch_insert_job.rb": {
        "lines": [
          1,
          1,
          null,
          1,
          1,
          null,
          1,
          null,
          0,
          0,
          null,
          0,
          null,
          null,
          1,
          null,
          1,
          2,
          2,
          null,
          null,
          null,
          1,
          1,
          null,
          1,
          2,
          null,
          null,
          null,
          null,
          null,
          null,
          1,
          1,
          1,
          null,
          0,
          null,
          null,
          null,
          1,
          1,
          0,
          null,
          0,
          null,
          null,
          null
        ]
      },
      "/Users/felipekosouski/Workspace/projects/luiza_labs_jsonify/app/jobs/application_job.rb": {
        "lines": [
          1,
          null,
          null,
          null,
          null,
          null,
          null
        ]
      },
      "/Users/felipekosouski/Workspace/projects/luiza_labs_jsonify/app/models/order.rb": {
        "lines": [
          1,
          1,
          1,
          1,
          null
        ]
      },
      "/Users/felipekosouski/Workspace/projects/luiza_labs_jsonify/app/models/application_record.rb": {
        "lines": [
          1,
          1,
          null
        ]
      }
    },
    "timestamp": 1732121588
  }
}
